[INFO] Scanning for projects...
[INFO] 
[INFO] ----------------------------< com.cms:cms >-----------------------------
[INFO] Building cms 1.0.0-SNAPSHOT
[INFO]   from pom.xml
[INFO] --------------------------------[ jar ]---------------------------------
[INFO] 
[INFO] >>> spring-boot:3.2.2:run (default-cli) > test-compile @ cms >>>
[INFO] 
[INFO] --- resources:3.3.1:resources (default-resources) @ cms ---
[INFO] Copying 4 resources from src\main\resources to target\classes
[INFO] Copying 7 resources from src\main\resources to target\classes
[INFO] 
[INFO] --- compiler:3.13.0:compile (default-compile) @ cms ---
[INFO] Nothing to compile - all classes are up to date.
[INFO] 
[INFO] --- resources:3.3.1:testResources (default-testResources) @ cms ---
[INFO] skip non existing resourceDirectory C:\Users\sree\Desktop\cms\src\test\resources
[INFO] 
[INFO] --- compiler:3.13.0:testCompile (default-testCompile) @ cms ---
[INFO] Nothing to compile - all classes are up to date.
[INFO] 
[INFO] <<< spring-boot:3.2.2:run (default-cli) < test-compile @ cms <<<
[INFO] 
[INFO] 
[INFO] --- spring-boot:3.2.2:run (default-cli) @ cms ---
[INFO] Attaching agents: []

  .   ____          _            __ _ _
 /\\ / ___'_ __ _ _(_)_ __  __ _ \ \ \ \
( ( )\___ | '_ | '_| | '_ \/ _` | \ \ \ \
 \\/  ___)| |_)| | | | | || (_| |  ) ) ) )
  '  |____| .__|_| |_|_| |_\__, | / / / /
 =========|_|==============|___/=/_/_/_/
 :: Spring Boot ::                (v3.2.2)

2026-02-04T19:36:21.282+05:30  INFO 14080 --- [cms] [           main] com.cms.CmsApplication                   : Starting CmsApplication using Java 25.0.2 with PID 14080 (C:\Users\sree\Desktop\cms\target\classes started by sree in C:\Users\sree\Desktop\cms)
2026-02-04T19:36:21.285+05:30 DEBUG 14080 --- [cms] [           main] com.cms.CmsApplication                   : Running with Spring Boot v3.2.2, Spring v6.1.3
2026-02-04T19:36:21.286+05:30  INFO 14080 --- [cms] [           main] com.cms.CmsApplication                   : No active profile set, falling back to 1 default profile: "default"
2026-02-04T19:36:22.967+05:30  INFO 14080 --- [cms] [           main] .s.d.r.c.RepositoryConfigurationDelegate : Bootstrapping Spring Data JPA repositories in DEFAULT mode.
2026-02-04T19:36:23.124+05:30  INFO 14080 --- [cms] [           main] .s.d.r.c.RepositoryConfigurationDelegate : Finished Spring Data repository scanning in 140 ms. Found 9 JPA repository interfaces.
WARNING: A restricted method in java.lang.System has been called
WARNING: java.lang.System::load has been called by org.apache.tomcat.jni.Library in an unnamed module (file:/C:/Users/sree/.m2/repository/org/apache/tomcat/embed/tomcat-embed-core/10.1.18/tomcat-embed-core-10.1.18.jar)
WARNING: Use --enable-native-access=ALL-UNNAMED to avoid a warning for callers in this module
WARNING: Restricted methods will be blocked in a future release unless native access is enabled

2026-02-04T19:36:24.471+05:30  INFO 14080 --- [cms] [           main] o.s.b.w.embedded.tomcat.TomcatWebServer  : Tomcat initialized with port 8080 (http)
2026-02-04T19:36:24.501+05:30  INFO 14080 --- [cms] [           main] o.apache.catalina.core.StandardService   : Starting service [Tomcat]
2026-02-04T19:36:24.501+05:30  INFO 14080 --- [cms] [           main] o.apache.catalina.core.StandardEngine    : Starting Servlet engine: [Apache Tomcat/10.1.18]
2026-02-04T19:36:24.650+05:30  INFO 14080 --- [cms] [           main] o.a.c.c.C.[Tomcat].[localhost].[/api]    : Initializing Spring embedded WebApplicationContext
2026-02-04T19:36:24.651+05:30  INFO 14080 --- [cms] [           main] w.s.c.ServletWebServerApplicationContext : Root WebApplicationContext: initialization completed in 3259 ms
2026-02-04T19:36:24.898+05:30  INFO 14080 --- [cms] [           main] com.zaxxer.hikari.HikariDataSource       : HikariPool-1 - Starting...
2026-02-04T19:36:25.193+05:30  INFO 14080 --- [cms] [           main] com.zaxxer.hikari.pool.HikariPool        : HikariPool-1 - Added connection com.mysql.cj.jdbc.ConnectionImpl@7d0cd23c
2026-02-04T19:36:25.196+05:30  INFO 14080 --- [cms] [           main] com.zaxxer.hikari.HikariDataSource       : HikariPool-1 - Start completed.
2026-02-04T19:36:26.814+05:30  INFO 14080 --- [cms] [           main] liquibase.changelog                      : Reading from cms.databasechangelog
Database is up to date, no changesets to execute
2026-02-04T19:36:27.099+05:30  INFO 14080 --- [cms] [           main] liquibase.changelog                      : Reading from cms.databasechangelog
2026-02-04T19:36:27.122+05:30  INFO 14080 --- [cms] [           main] liquibase.util                           : UPDATE SUMMARY
2026-02-04T19:36:27.122+05:30  INFO 14080 --- [cms] [           main] liquibase.util                           : Run:                          0
2026-02-04T19:36:27.122+05:30  INFO 14080 --- [cms] [           main] liquibase.util                           : Previously run:              28
2026-02-04T19:36:27.123+05:30  INFO 14080 --- [cms] [           main] liquibase.util                           : Filtered out:                 0
2026-02-04T19:36:27.123+05:30  INFO 14080 --- [cms] [           main] liquibase.util                           : -------------------------------
2026-02-04T19:36:27.123+05:30  INFO 14080 --- [cms] [           main] liquibase.util                           : Total change sets:           28
2026-02-04T19:36:27.123+05:30  INFO 14080 --- [cms] [           main] liquibase.util                           : Update summary generated
2026-02-04T19:36:27.149+05:30  INFO 14080 --- [cms] [           main] liquibase.lockservice                    : Successfully released change log lock
2026-02-04T19:36:27.154+05:30  INFO 14080 --- [cms] [           main] liquibase.command                        : Command execution complete
2026-02-04T19:36:27.326+05:30  INFO 14080 --- [cms] [           main] o.hibernate.jpa.internal.util.LogHelper  : HHH000204: Processing PersistenceUnitInfo [name: default]
2026-02-04T19:36:27.472+05:30  INFO 14080 --- [cms] [           main] org.hibernate.Version                    : HHH000412: Hibernate ORM core version 6.4.1.Final
2026-02-04T19:36:27.553+05:30  INFO 14080 --- [cms] [           main] o.h.c.internal.RegionFactoryInitiator    : HHH000026: Second-level cache disabled
2026-02-04T19:36:27.940+05:30  INFO 14080 --- [cms] [           main] o.s.o.j.p.SpringPersistenceUnitInfo      : No LoadTimeWeaver setup: ignoring JPA class transformer
2026-02-04T19:36:28.053+05:30  WARN 14080 --- [cms] [           main] org.hibernate.orm.deprecation            : HHH90000025: MySQLDialect does not need to be specified explicitly using 'hibernate.dialect' (remove the property setting and it will be selected by default)
2026-02-04T19:36:30.367+05:30  INFO 14080 --- [cms] [           main] o.h.e.t.j.p.i.JtaPlatformInitiator       : HHH000489: No JTA platform available (set 'hibernate.transaction.jta.platform' to enable JTA platform integration)
2026-02-04T19:36:30.371+05:30  INFO 14080 --- [cms] [           main] j.LocalContainerEntityManagerFactoryBean : Initialized JPA EntityManagerFactory for persistence unit 'default'
2026-02-04T19:36:30.933+05:30  INFO 14080 --- [cms] [           main] o.s.d.j.r.query.QueryEnhancerFactory     : Hibernate is in classpath; If applicable, HQL parser will be used.
2026-02-04T19:36:32.013+05:30 DEBUG 14080 --- [cms] [           main] c.cms.security.JwtAuthenticationFilter   : Filter 'jwtAuthenticationFilter' configured for use
2026-02-04T19:36:33.149+05:30  INFO 14080 --- [cms] [           main] com.cms.service.LocalStorageService      : Upload directory initialized: C:\Users\sree\Desktop\cms\uploads
2026-02-04T19:36:33.985+05:30  INFO 14080 --- [cms] [           main] o.s.s.web.DefaultSecurityFilterChain     : Will secure any request with [org.springframework.security.web.session.DisableEncodeUrlFilter@4785f49c, org.springframework.security.web.context.request.async.WebAsyncManagerIntegrationFilter@13aa55c8, org.springframework.security.web.context.SecurityContextHolderFilter@d776dfe, org.springframework.security.web.header.HeaderWriterFilter@65139e74, org.springframework.web.filter.CorsFilter@1d74284d, org.springframework.web.filter.CorsFilter@6cd829b5, org.springframework.security.web.authentication.logout.LogoutFilter@53f164a9, com.cms.security.JwtAuthenticationFilter@48f58c66, org.springframework.security.web.savedrequest.RequestCacheAwareFilter@34389c01, org.springframework.security.web.servletapi.SecurityContextHolderAwareRequestFilter@4b018d62, org.springframework.security.web.authentication.AnonymousAuthenticationFilter@49111a6, org.springframework.security.web.session.SessionManagementFilter@70b9e0c6, org.springframework.security.web.access.ExceptionTranslationFilter@16f28ccf, org.springframework.security.web.access.intercept.AuthorizationFilter@78eed7df]
2026-02-04T19:36:34.590+05:30  INFO 14080 --- [cms] [           main] o.s.b.w.embedded.tomcat.TomcatWebServer  : Tomcat started on port 8080 (http) with context path '/api'
2026-02-04T19:36:34.598+05:30  INFO 14080 --- [cms] [           main] com.cms.CmsApplication                   : Started CmsApplication in 14.36 seconds (process running for 15.606)
2026-02-04T19:36:34.604+05:30  INFO 14080 --- [cms] [           main] com.cms.config.DataInitializer           : Starting data initialization...
2026-02-04T19:36:34.753+05:30 DEBUG 14080 --- [cms] [           main] org.hibernate.SQL                        : 
    select
        r1_0.id,
        r1_0.created_at,
        r1_0.description,
        r1_0.is_system,
        r1_0.name 
    from
        roles r1_0 
    where
        r1_0.name=?
2026-02-04T19:36:34.793+05:30 DEBUG 14080 --- [cms] [           main] org.hibernate.SQL                        : 
    select
        p1_0.role_id,
        p1_1.id,
        p1_1.action,
        p1_1.description,
        p1_1.name,
        p1_1.resource 
    from
        role_permissions p1_0 
    join
        permissions p1_1 
            on p1_1.id=p1_0.permission_id 
    where
        p1_0.role_id=?
2026-02-04T19:36:34.809+05:30 DEBUG 14080 --- [cms] [           main] org.hibernate.SQL                        : 
    select
        r1_0.id,
        r1_0.created_at,
        r1_0.description,
        r1_0.is_system,
        r1_0.name 
    from
        roles r1_0 
    where
        r1_0.name=?
2026-02-04T19:36:34.812+05:30 DEBUG 14080 --- [cms] [           main] org.hibernate.SQL                        : 
    select
        p1_0.role_id,
        p1_1.id,
        p1_1.action,
        p1_1.description,
        p1_1.name,
        p1_1.resource 
    from
        role_permissions p1_0 
    join
        permissions p1_1 
            on p1_1.id=p1_0.permission_id 
    where
        p1_0.role_id=?
2026-02-04T19:36:34.816+05:30 DEBUG 14080 --- [cms] [           main] org.hibernate.SQL                        : 
    select
        r1_0.id,
        r1_0.created_at,
        r1_0.description,
        r1_0.is_system,
        r1_0.name 
    from
        roles r1_0 
    where
        r1_0.name=?
2026-02-04T19:36:34.818+05:30 DEBUG 14080 --- [cms] [           main] org.hibernate.SQL                        : 
    select
        p1_0.role_id,
        p1_1.id,
        p1_1.action,
        p1_1.description,
        p1_1.name,
        p1_1.resource 
    from
        role_permissions p1_0 
    join
        permissions p1_1 
            on p1_1.id=p1_0.permission_id 
    where
        p1_0.role_id=?
2026-02-04T19:36:34.825+05:30 DEBUG 14080 --- [cms] [           main] org.hibernate.SQL                        : 
    select
        u1_0.id,
        u1_0.avatar_url,
        u1_0.created_at,
        u1_0.display_name,
        u1_0.email,
        u1_0.is_active,
        u1_0.password_hash,
        u1_0.updated_at,
        u1_0.username 
    from
        users u1_0 
    where
        u1_0.email=?
2026-02-04T19:36:34.831+05:30 DEBUG 14080 --- [cms] [           main] org.hibernate.SQL                        : 
    select
        r1_0.user_id,
        r1_1.id,
        r1_1.created_at,
        r1_1.description,
        r1_1.is_system,
        r1_1.name,
        p1_0.role_id,
        p1_1.id,
        p1_1.action,
        p1_1.description,
        p1_1.name,
        p1_1.resource 
    from
        user_roles r1_0 
    join
        roles r1_1 
            on r1_1.id=r1_0.role_id 
    left join
        role_permissions p1_0 
            on r1_1.id=p1_0.role_id 
    left join
        permissions p1_1 
            on p1_1.id=p1_0.permission_id 
    where
        r1_0.user_id=?
2026-02-04T19:36:34.839+05:30  INFO 14080 --- [cms] [           main] com.cms.config.DataInitializer           : Updating existing admin user: admin@example.com
2026-02-04T19:36:34.971+05:30 DEBUG 14080 --- [cms] [           main] org.hibernate.SQL                        : 
    select
        u1_0.id,
        u1_0.avatar_url,
        u1_0.created_at,
        u1_0.display_name,
        u1_0.email,
        u1_0.is_active,
        u1_0.password_hash,
        r1_0.user_id,
        r1_1.id,
        r1_1.created_at,
        r1_1.description,
        r1_1.is_system,
        r1_1.name,
        p1_0.role_id,
        p1_1.id,
        p1_1.action,
        p1_1.description,
        p1_1.name,
        p1_1.resource,
        u1_0.updated_at,
        u1_0.username 
    from
        users u1_0 
    left join
        user_roles r1_0 
            on u1_0.id=r1_0.user_id 
    left join
        roles r1_1 
            on r1_1.id=r1_0.role_id 
    left join
        role_permissions p1_0 
            on r1_1.id=p1_0.role_id 
    left join
        permissions p1_1 
            on p1_1.id=p1_0.permission_id 
    where
        u1_0.id=?
2026-02-04T19:36:35.030+05:30 DEBUG 14080 --- [cms] [           main] org.hibernate.SQL                        : 
    update
        users 
    set
        avatar_url=?,
        display_name=?,
        email=?,
        is_active=?,
        password_hash=?,
        updated_at=?,
        username=? 
    where
        id=?
2026-02-04T19:36:35.061+05:30  INFO 14080 --- [cms] [           main] com.cms.config.DataInitializer           : Data initialization completed.
