[INFO] Scanning for projects...
[INFO] 
[INFO] ----------------------------< com.cms:cms >-----------------------------
[INFO] Building cms 1.0.0-SNAPSHOT
[INFO]   from pom.xml
[INFO] --------------------------------[ jar ]---------------------------------
[INFO] 
[INFO] --- clean:3.3.2:clean (default-clean) @ cms ---
[INFO] Deleting C:\Users\sree\Desktop\cms\target
[INFO] ------------------------------------------------------------------------
[INFO] BUILD FAILURE
[INFO] ------------------------------------------------------------------------
[INFO] Total time:  8.563 s
[INFO] Finished at: 2026-02-01T19:08:39+05:30
[INFO] ------------------------------------------------------------------------
[ERROR] Failed to execute goal org.apache.maven.plugins:maven-clean-plugin:3.3.2:clean (default-clean) on project cms: Failed to clean project: Failed to delete C:\Users\sree\Desktop\cms\target -> [Help 1]
[ERROR] 
[ERROR] To see the full stack trace of the errors, re-run Maven with the -e switch.
[ERROR] Re-run Maven using the -X switch to enable full debug logging.
[ERROR] 
[ERROR] For more information about the errors and possible solutions, please read the following articles:
[ERROR] [Help 1] http://cwiki.apache.org/confluence/display/MAVEN/MojoExecutionException
