[INFO] Scanning for projects...
[INFO] 
[INFO] ----------------------------< com.cms:cms >-----------------------------
[INFO] Building cms 1.0.0-SNAPSHOT
[INFO]   from pom.xml
[INFO] --------------------------------[ jar ]---------------------------------
[INFO] 
[INFO] >>> spring-boot:3.2.2:run (default-cli) > test-compile @ cms >>>
[INFO] 
[INFO] --- resources:3.3.1:resources (default-resources) @ cms ---
[INFO] Copying 3 resources from src\main\resources to target\classes
[INFO] Copying 7 resources from src\main\resources to target\classes
[INFO] 
[INFO] --- compiler:3.13.0:compile (default-compile) @ cms ---
[INFO] Nothing to compile - all classes are up to date.
[INFO] 
[INFO] --- resources:3.3.1:testResources (default-testResources) @ cms ---
[INFO] skip non existing resourceDirectory C:\Users\sree\Desktop\cms\src\test\resources
[INFO] 
[INFO] --- compiler:3.13.0:testCompile (default-testCompile) @ cms ---
[INFO] Nothing to compile - all classes are up to date.
[INFO] 
[INFO] <<< spring-boot:3.2.2:run (default-cli) < test-compile @ cms <<<
[INFO] 
[INFO] 
[INFO] --- spring-boot:3.2.2:run (default-cli) @ cms ---
[INFO] Attaching agents: []

  .   ____          _            __ _ _
 /\\ / ___'_ __ _ _(_)_ __  __ _ \ \ \ \
( ( )\___ | '_ | '_| | '_ \/ _` | \ \ \ \
 \\/  ___)| |_)| | | | | || (_| |  ) ) ) )
  '  |____| .__|_| |_|_| |_\__, | / / / /
 =========|_|==============|___/=/_/_/_/
 :: Spring Boot ::                (v3.2.2)

2026-02-03T23:46:24.496+05:30  INFO 21868 --- [cms] [           main] com.cms.CmsApplication                   : Starting CmsApplication using Java 25.0.2 with PID 21868 (C:\Users\sree\Desktop\cms\target\classes started by sree in C:\Users\sree\Desktop\cms)
2026-02-03T23:46:24.500+05:30 DEBUG 21868 --- [cms] [           main] com.cms.CmsApplication                   : Running with Spring Boot v3.2.2, Spring v6.1.3
2026-02-03T23:46:24.501+05:30  INFO 21868 --- [cms] [           main] com.cms.CmsApplication                   : No active profile set, falling back to 1 default profile: "default"
2026-02-03T23:46:26.545+05:30  INFO 21868 --- [cms] [           main] .s.d.r.c.RepositoryConfigurationDelegate : Bootstrapping Spring Data JPA repositories in DEFAULT mode.
2026-02-03T23:46:26.686+05:30  INFO 21868 --- [cms] [           main] .s.d.r.c.RepositoryConfigurationDelegate : Finished Spring Data repository scanning in 127 ms. Found 9 JPA repository interfaces.
WARNING: A restricted method in java.lang.System has been called
WARNING: java.lang.System::load has been called by org.apache.tomcat.jni.Library in an unnamed module (file:/C:/Users/sree/.m2/repository/org/apache/tomcat/embed/tomcat-embed-core/10.1.18/tomcat-embed-core-10.1.18.jar)
WARNING: Use --enable-native-access=ALL-UNNAMED to avoid a warning for callers in this module
WARNING: Restricted methods will be blocked in a future release unless native access is enabled

2026-02-03T23:46:27.549+05:30  INFO 21868 --- [cms] [           main] o.s.b.w.embedded.tomcat.TomcatWebServer  : Tomcat initialized with port 8080 (http)
2026-02-03T23:46:27.635+05:30  INFO 21868 --- [cms] [           main] o.apache.catalina.core.StandardService   : Starting service [Tomcat]
2026-02-03T23:46:27.637+05:30  INFO 21868 --- [cms] [           main] o.apache.catalina.core.StandardEngine    : Starting Servlet engine: [Apache Tomcat/10.1.18]
2026-02-03T23:46:27.780+05:30  INFO 21868 --- [cms] [           main] o.a.c.c.C.[Tomcat].[localhost].[/api]    : Initializing Spring embedded WebApplicationContext
2026-02-03T23:46:27.781+05:30  INFO 21868 --- [cms] [           main] w.s.c.ServletWebServerApplicationContext : Root WebApplicationContext: initialization completed in 3186 ms
2026-02-03T23:46:28.045+05:30  INFO 21868 --- [cms] [           main] com.zaxxer.hikari.HikariDataSource       : HikariPool-1 - Starting...
2026-02-03T23:46:28.313+05:30  INFO 21868 --- [cms] [           main] com.zaxxer.hikari.pool.HikariPool        : HikariPool-1 - Added connection com.mysql.cj.jdbc.ConnectionImpl@1a914089
2026-02-03T23:46:28.317+05:30  INFO 21868 --- [cms] [           main] com.zaxxer.hikari.HikariDataSource       : HikariPool-1 - Start completed.
2026-02-03T23:46:29.617+05:30  INFO 21868 --- [cms] [           main] liquibase.changelog                      : Reading from cms_db.databasechangelog
2026-02-03T23:46:29.885+05:30  INFO 21868 --- [cms] [           main] liquibase.lockservice                    : Successfully acquired change log lock
2026-02-03T23:46:29.889+05:30  INFO 21868 --- [cms] [           main] liquibase.command                        : Using deploymentId: 0142589889
2026-02-03T23:46:29.895+05:30  INFO 21868 --- [cms] [           main] liquibase.changelog                      : Reading from cms_db.databasechangelog
Running Changeset: db/changelog/changes/006-add-missing-columns.yaml::006-add-is-active-to-users::cms-system
2026-02-03T23:46:30.067+05:30  WARN 21868 --- [cms] [           main] liquibase.executor                       : Integer display width is deprecated and will be removed in a future release.
2026-02-03T23:46:30.067+05:30  INFO 21868 --- [cms] [           main] liquibase.changelog                      : Columns is_active(BOOLEAN) added to users
2026-02-03T23:46:30.069+05:30  INFO 21868 --- [cms] [           main] liquibase.changelog                      : ChangeSet db/changelog/changes/006-add-missing-columns.yaml::006-add-is-active-to-users::cms-system ran successfully in 128ms
Running Changeset: db/changelog/changes/006-add-missing-columns.yaml::006-add-timestamps-to-users::cms-system
2026-02-03T23:46:30.196+05:30  INFO 21868 --- [cms] [           main] liquibase.changelog                      : Columns created_at(TIMESTAMP),updated_at(TIMESTAMP) added to users
2026-02-03T23:46:30.197+05:30  INFO 21868 --- [cms] [           main] liquibase.changelog                      : ChangeSet db/changelog/changes/006-add-missing-columns.yaml::006-add-timestamps-to-users::cms-system ran successfully in 110ms
Running Changeset: db/changelog/changes/006-add-missing-columns.yaml::006-add-password-hash-to-users::cms-system
2026-02-03T23:46:30.309+05:30  INFO 21868 --- [cms] [           main] liquibase.changelog                      : Columns password_hash(VARCHAR(255)) added to users
2026-02-03T23:46:30.310+05:30  INFO 21868 --- [cms] [           main] liquibase.changelog                      : ChangeSet db/changelog/changes/006-add-missing-columns.yaml::006-add-password-hash-to-users::cms-system ran successfully in 103ms
Running Changeset: db/changelog/changes/006-add-missing-columns.yaml::006-add-display-name-to-users::cms-system
2026-02-03T23:46:30.434+05:30  INFO 21868 --- [cms] [           main] liquibase.changelog                      : Columns display_name(VARCHAR(255)) added to users
2026-02-03T23:46:30.434+05:30  INFO 21868 --- [cms] [           main] liquibase.changelog                      : ChangeSet db/changelog/changes/006-add-missing-columns.yaml::006-add-display-name-to-users::cms-system ran successfully in 114ms
2026-02-03T23:46:30.447+05:30  INFO 21868 --- [cms] [           main] liquibase.util                           : UPDATE SUMMARY
2026-02-03T23:46:30.449+05:30  INFO 21868 --- [cms] [           main] liquibase.util                           : Run:                          4
2026-02-03T23:46:30.449+05:30  INFO 21868 --- [cms] [           main] liquibase.util                           : Previously run:              23
2026-02-03T23:46:30.449+05:30  INFO 21868 --- [cms] [           main] liquibase.util                           : Filtered out:                 0
2026-02-03T23:46:30.449+05:30  INFO 21868 --- [cms] [           main] liquibase.util                           : -------------------------------
2026-02-03T23:46:30.449+05:30  INFO 21868 --- [cms] [           main] liquibase.util                           : Total change sets:           27
2026-02-03T23:46:30.449+05:30  INFO 21868 --- [cms] [           main] liquibase.util                           : Update summary generated
2026-02-03T23:46:30.452+05:30  INFO 21868 --- [cms] [           main] liquibase.command                        : Update command completed successfully.
Liquibase: Update has been successful. Rows affected: 4
2026-02-03T23:46:30.459+05:30  INFO 21868 --- [cms] [           main] liquibase.lockservice                    : Successfully released change log lock
2026-02-03T23:46:30.460+05:30  INFO 21868 --- [cms] [           main] liquibase.command                        : Command execution complete
2026-02-03T23:46:30.622+05:30  INFO 21868 --- [cms] [           main] o.hibernate.jpa.internal.util.LogHelper  : HHH000204: Processing PersistenceUnitInfo [name: default]
2026-02-03T23:46:30.739+05:30  INFO 21868 --- [cms] [           main] org.hibernate.Version                    : HHH000412: Hibernate ORM core version 6.4.1.Final
2026-02-03T23:46:30.799+05:30  INFO 21868 --- [cms] [           main] o.h.c.internal.RegionFactoryInitiator    : HHH000026: Second-level cache disabled
2026-02-03T23:46:31.371+05:30  INFO 21868 --- [cms] [           main] o.s.o.j.p.SpringPersistenceUnitInfo      : No LoadTimeWeaver setup: ignoring JPA class transformer
2026-02-03T23:46:31.501+05:30  WARN 21868 --- [cms] [           main] org.hibernate.orm.deprecation            : HHH90000025: MySQLDialect does not need to be specified explicitly using 'hibernate.dialect' (remove the property setting and it will be selected by default)
2026-02-03T23:46:34.539+05:30  INFO 21868 --- [cms] [           main] o.h.e.t.j.p.i.JtaPlatformInitiator       : HHH000489: No JTA platform available (set 'hibernate.transaction.jta.platform' to enable JTA platform integration)
2026-02-03T23:46:34.546+05:30  INFO 21868 --- [cms] [           main] j.LocalContainerEntityManagerFactoryBean : Initialized JPA EntityManagerFactory for persistence unit 'default'
2026-02-03T23:46:35.158+05:30  INFO 21868 --- [cms] [           main] o.s.d.j.r.query.QueryEnhancerFactory     : Hibernate is in classpath; If applicable, HQL parser will be used.
2026-02-03T23:46:36.695+05:30 DEBUG 21868 --- [cms] [           main] c.cms.security.JwtAuthenticationFilter   : Filter 'jwtAuthenticationFilter' configured for use
2026-02-03T23:46:38.231+05:30  INFO 21868 --- [cms] [           main] com.cms.service.LocalStorageService      : Upload directory initialized: C:\Users\sree\Desktop\cms\uploads
2026-02-03T23:46:39.413+05:30  INFO 21868 --- [cms] [           main] o.s.s.web.DefaultSecurityFilterChain     : Will secure any request with [org.springframework.security.web.session.DisableEncodeUrlFilter@4d1c3ed5, org.springframework.security.web.context.request.async.WebAsyncManagerIntegrationFilter@7e92eda, org.springframework.security.web.context.SecurityContextHolderFilter@25e63940, org.springframework.security.web.header.HeaderWriterFilter@60ed0a16, org.springframework.web.filter.CorsFilter@7d8c4628, org.springframework.web.filter.CorsFilter@2152efdb, org.springframework.security.web.authentication.logout.LogoutFilter@59b0968e, com.cms.security.JwtAuthenticationFilter@7c559005, org.springframework.security.web.savedrequest.RequestCacheAwareFilter@2d23b35c, org.springframework.security.web.servletapi.SecurityContextHolderAwareRequestFilter@1955a811, org.springframework.security.web.authentication.AnonymousAuthenticationFilter@d1487b2, org.springframework.security.web.session.SessionManagementFilter@10e8ecfa, org.springframework.security.web.access.ExceptionTranslationFilter@2ca10d93, org.springframework.security.web.access.intercept.AuthorizationFilter@5fa4b778]
2026-02-03T23:46:40.295+05:30  INFO 21868 --- [cms] [           main] o.s.b.w.embedded.tomcat.TomcatWebServer  : Tomcat started on port 8080 (http) with context path '/api'
2026-02-03T23:46:40.316+05:30  INFO 21868 --- [cms] [           main] com.cms.CmsApplication                   : Started CmsApplication in 16.813 seconds (process running for 17.47)
2026-02-03T23:46:40.332+05:30  INFO 21868 --- [cms] [           main] com.cms.config.DataInitializer           : Starting data initialization...
2026-02-03T23:46:40.641+05:30 DEBUG 21868 --- [cms] [           main] org.hibernate.SQL                        : 
    select
        r1_0.id,
        r1_0.created_at,
        r1_0.description,
        r1_0.is_system,
        r1_0.name 
    from
        roles r1_0 
    where
        r1_0.name=?
2026-02-03T23:46:40.718+05:30 DEBUG 21868 --- [cms] [           main] org.hibernate.SQL                        : 
    select
        p1_0.role_id,
        p1_1.id,
        p1_1.action,
        p1_1.description,
        p1_1.name,
        p1_1.resource 
    from
        role_permissions p1_0 
    join
        permissions p1_1 
            on p1_1.id=p1_0.permission_id 
    where
        p1_0.role_id=?
2026-02-03T23:46:40.742+05:30 DEBUG 21868 --- [cms] [           main] org.hibernate.SQL                        : 
    select
        r1_0.id,
        r1_0.created_at,
        r1_0.description,
        r1_0.is_system,
        r1_0.name 
    from
        roles r1_0 
    where
        r1_0.name=?
2026-02-03T23:46:40.746+05:30 DEBUG 21868 --- [cms] [           main] org.hibernate.SQL                        : 
    select
        p1_0.role_id,
        p1_1.id,
        p1_1.action,
        p1_1.description,
        p1_1.name,
        p1_1.resource 
    from
        role_permissions p1_0 
    join
        permissions p1_1 
            on p1_1.id=p1_0.permission_id 
    where
        p1_0.role_id=?
2026-02-03T23:46:40.753+05:30 DEBUG 21868 --- [cms] [           main] org.hibernate.SQL                        : 
    select
        r1_0.id,
        r1_0.created_at,
        r1_0.description,
        r1_0.is_system,
        r1_0.name 
    from
        roles r1_0 
    where
        r1_0.name=?
2026-02-03T23:46:40.756+05:30 DEBUG 21868 --- [cms] [           main] org.hibernate.SQL                        : 
    select
        p1_0.role_id,
        p1_1.id,
        p1_1.action,
        p1_1.description,
        p1_1.name,
        p1_1.resource 
    from
        role_permissions p1_0 
    join
        permissions p1_1 
            on p1_1.id=p1_0.permission_id 
    where
        p1_0.role_id=?
2026-02-03T23:46:40.768+05:30 DEBUG 21868 --- [cms] [           main] org.hibernate.SQL                        : 
    select
        u1_0.id,
        u1_0.avatar_url,
        u1_0.created_at,
        u1_0.display_name,
        u1_0.email,
        u1_0.is_active,
        u1_0.password_hash,
        u1_0.updated_at,
        u1_0.username 
    from
        users u1_0 
    where
        u1_0.email=?
2026-02-03T23:46:40.773+05:30  WARN 21868 --- [cms] [           main] o.h.engine.jdbc.spi.SqlExceptionHelper   : SQL Error: 1054, SQLState: 42S22
2026-02-03T23:46:40.773+05:30 ERROR 21868 --- [cms] [           main] o.h.engine.jdbc.spi.SqlExceptionHelper   : Unknown column 'u1_0.email' in 'field list'
2026-02-03T23:46:40.795+05:30  INFO 21868 --- [cms] [           main] .s.b.a.l.ConditionEvaluationReportLogger : 

Error starting ApplicationContext. To display the condition evaluation report re-run your application with 'debug' enabled.
2026-02-03T23:46:40.852+05:30 ERROR 21868 --- [cms] [           main] o.s.boot.SpringApplication               : Application run failed

org.springframework.dao.InvalidDataAccessResourceUsageException: JDBC exception executing SQL [select u1_0.id,u1_0.avatar_url,u1_0.created_at,u1_0.display_name,u1_0.email,u1_0.is_active,u1_0.password_hash,u1_0.updated_at,u1_0.username from users u1_0 where u1_0.email=?] [Unknown column 'u1_0.email' in 'field list'] [n/a]; SQL [n/a]
	at org.springframework.orm.jpa.vendor.HibernateJpaDialect.convertHibernateAccessException(HibernateJpaDialect.java:277) ~[spring-orm-6.1.3.jar:6.1.3]
	at org.springframework.orm.jpa.vendor.HibernateJpaDialect.translateExceptionIfPossible(HibernateJpaDialect.java:241) ~[spring-orm-6.1.3.jar:6.1.3]
	at org.springframework.orm.jpa.AbstractEntityManagerFactoryBean.translateExceptionIfPossible(AbstractEntityManagerFactoryBean.java:550) ~[spring-orm-6.1.3.jar:6.1.3]
	at org.springframework.dao.support.ChainedPersistenceExceptionTranslator.translateExceptionIfPossible(ChainedPersistenceExceptionTranslator.java:61) ~[spring-tx-6.1.3.jar:6.1.3]
	at org.springframework.dao.support.DataAccessUtils.translateIfNecessary(DataAccessUtils.java:335) ~[spring-tx-6.1.3.jar:6.1.3]
	at org.springframework.dao.support.PersistenceExceptionTranslationInterceptor.invoke(PersistenceExceptionTranslationInterceptor.java:152) ~[spring-tx-6.1.3.jar:6.1.3]
	at org.springframework.aop.framework.ReflectiveMethodInvocation.proceed(ReflectiveMethodInvocation.java:184) ~[spring-aop-6.1.3.jar:6.1.3]
	at org.springframework.data.jpa.repository.support.CrudMethodMetadataPostProcessor$CrudMethodMetadataPopulatingMethodInterceptor.invoke(CrudMethodMetadataPostProcessor.java:135) ~[spring-data-jpa-3.2.2.jar:3.2.2]
	at org.springframework.aop.framework.ReflectiveMethodInvocation.proceed(ReflectiveMethodInvocation.java:184) ~[spring-aop-6.1.3.jar:6.1.3]
	at org.springframework.aop.interceptor.ExposeInvocationInterceptor.invoke(ExposeInvocationInterceptor.java:97) ~[spring-aop-6.1.3.jar:6.1.3]
	at org.springframework.aop.framework.ReflectiveMethodInvocation.proceed(ReflectiveMethodInvocation.java:184) ~[spring-aop-6.1.3.jar:6.1.3]
	at org.springframework.aop.framework.JdkDynamicAopProxy.invoke(JdkDynamicAopProxy.java:220) ~[spring-aop-6.1.3.jar:6.1.3]
	at jdk.proxy2/jdk.proxy2.$Proxy156.findByEmail(Unknown Source) ~[na:na]
	at com.cms.config.DataInitializer.createAdminUser(DataInitializer.java:68) ~[classes/:na]
	at com.cms.config.DataInitializer.lambda$initData$0(DataInitializer.java:31) ~[classes/:na]
	at org.springframework.boot.SpringApplication.lambda$callRunner$5(SpringApplication.java:790) ~[spring-boot-3.2.2.jar:3.2.2]
	at org.springframework.util.function.ThrowingConsumer$1.acceptWithException(ThrowingConsumer.java:83) ~[spring-core-6.1.3.jar:6.1.3]
	at org.springframework.util.function.ThrowingConsumer.accept(ThrowingConsumer.java:60) ~[spring-core-6.1.3.jar:6.1.3]
	at org.springframework.util.function.ThrowingConsumer$1.accept(ThrowingConsumer.java:88) ~[spring-core-6.1.3.jar:6.1.3]
	at org.springframework.boot.SpringApplication.callRunner(SpringApplication.java:798) ~[spring-boot-3.2.2.jar:3.2.2]
	at org.springframework.boot.SpringApplication.callRunner(SpringApplication.java:789) ~[spring-boot-3.2.2.jar:3.2.2]
	at org.springframework.boot.SpringApplication.lambda$callRunners$3(SpringApplication.java:774) ~[spring-boot-3.2.2.jar:3.2.2]
	at java.base/java.util.stream.ForEachOps$ForEachOp$OfRef.accept(ForEachOps.java:186) ~[na:na]
	at java.base/java.util.stream.SortedOps$SizedRefSortingSink.end(SortedOps.java:357) ~[na:na]
	at java.base/java.util.stream.AbstractPipeline.copyInto(AbstractPipeline.java:571) ~[na:na]
	at java.base/java.util.stream.AbstractPipeline.wrapAndCopyInto(AbstractPipeline.java:560) ~[na:na]
	at java.base/java.util.stream.ForEachOps$ForEachOp.evaluateSequential(ForEachOps.java:153) ~[na:na]
	at java.base/java.util.stream.ForEachOps$ForEachOp$OfRef.evaluateSequential(ForEachOps.java:176) ~[na:na]
	at java.base/java.util.stream.AbstractPipeline.evaluate(AbstractPipeline.java:265) ~[na:na]
	at java.base/java.util.stream.ReferencePipeline.forEach(ReferencePipeline.java:632) ~[na:na]
	at org.springframework.boot.SpringApplication.callRunners(SpringApplication.java:774) ~[spring-boot-3.2.2.jar:3.2.2]
	at org.springframework.boot.SpringApplication.run(SpringApplication.java:341) ~[spring-boot-3.2.2.jar:3.2.2]
	at org.springframework.boot.SpringApplication.run(SpringApplication.java:1354) ~[spring-boot-3.2.2.jar:3.2.2]
	at org.springframework.boot.SpringApplication.run(SpringApplication.java:1343) ~[spring-boot-3.2.2.jar:3.2.2]
	at com.cms.CmsApplication.main(CmsApplication.java:12) ~[classes/:na]
Caused by: org.hibernate.exception.SQLGrammarException: JDBC exception executing SQL [select u1_0.id,u1_0.avatar_url,u1_0.created_at,u1_0.display_name,u1_0.email,u1_0.is_active,u1_0.password_hash,u1_0.updated_at,u1_0.username from users u1_0 where u1_0.email=?] [Unknown column 'u1_0.email' in 'field list'] [n/a]
	at org.hibernate.exception.internal.SQLExceptionTypeDelegate.convert(SQLExceptionTypeDelegate.java:66) ~[hibernate-core-6.4.1.Final.jar:6.4.1.Final]
	at org.hibernate.exception.internal.StandardSQLExceptionConverter.convert(StandardSQLExceptionConverter.java:58) ~[hibernate-core-6.4.1.Final.jar:6.4.1.Final]
	at org.hibernate.engine.jdbc.spi.SqlExceptionHelper.convert(SqlExceptionHelper.java:108) ~[hibernate-core-6.4.1.Final.jar:6.4.1.Final]
	at org.hibernate.engine.jdbc.spi.SqlExceptionHelper.convert(SqlExceptionHelper.java:94) ~[hibernate-core-6.4.1.Final.jar:6.4.1.Final]
	at org.hibernate.sql.results.jdbc.internal.DeferredResultSetAccess.executeQuery(DeferredResultSetAccess.java:265) ~[hibernate-core-6.4.1.Final.jar:6.4.1.Final]
	at org.hibernate.sql.results.jdbc.internal.DeferredResultSetAccess.getResultSet(DeferredResultSetAccess.java:167) ~[hibernate-core-6.4.1.Final.jar:6.4.1.Final]
	at org.hibernate.sql.results.jdbc.internal.JdbcValuesResultSetImpl.advanceNext(JdbcValuesResultSetImpl.java:218) ~[hibernate-core-6.4.1.Final.jar:6.4.1.Final]
	at org.hibernate.sql.results.jdbc.internal.JdbcValuesResultSetImpl.processNext(JdbcValuesResultSetImpl.java:98) ~[hibernate-core-6.4.1.Final.jar:6.4.1.Final]
	at org.hibernate.sql.results.jdbc.internal.AbstractJdbcValues.next(AbstractJdbcValues.java:19) ~[hibernate-core-6.4.1.Final.jar:6.4.1.Final]
	at org.hibernate.sql.results.internal.RowProcessingStateStandardImpl.next(RowProcessingStateStandardImpl.java:66) ~[hibernate-core-6.4.1.Final.jar:6.4.1.Final]
	at org.hibernate.sql.results.spi.ListResultsConsumer.consume(ListResultsConsumer.java:203) ~[hibernate-core-6.4.1.Final.jar:6.4.1.Final]
	at org.hibernate.sql.results.spi.ListResultsConsumer.consume(ListResultsConsumer.java:33) ~[hibernate-core-6.4.1.Final.jar:6.4.1.Final]
	at org.hibernate.sql.exec.internal.JdbcSelectExecutorStandardImpl.doExecuteQuery(JdbcSelectExecutorStandardImpl.java:209) ~[hibernate-core-6.4.1.Final.jar:6.4.1.Final]
	at org.hibernate.sql.exec.internal.JdbcSelectExecutorStandardImpl.executeQuery(JdbcSelectExecutorStandardImpl.java:83) ~[hibernate-core-6.4.1.Final.jar:6.4.1.Final]
	at org.hibernate.sql.exec.spi.JdbcSelectExecutor.list(JdbcSelectExecutor.java:76) ~[hibernate-core-6.4.1.Final.jar:6.4.1.Final]
	at org.hibernate.sql.exec.spi.JdbcSelectExecutor.list(JdbcSelectExecutor.java:65) ~[hibernate-core-6.4.1.Final.jar:6.4.1.Final]
	at org.hibernate.query.sqm.internal.ConcreteSqmSelectQueryPlan.lambda$new$2(ConcreteSqmSelectQueryPlan.java:137) ~[hibernate-core-6.4.1.Final.jar:6.4.1.Final]
	at org.hibernate.query.sqm.internal.ConcreteSqmSelectQueryPlan.withCacheableSqmInterpretation(ConcreteSqmSelectQueryPlan.java:359) ~[hibernate-core-6.4.1.Final.jar:6.4.1.Final]
	at org.hibernate.query.sqm.internal.ConcreteSqmSelectQueryPlan.performList(ConcreteSqmSelectQueryPlan.java:300) ~[hibernate-core-6.4.1.Final.jar:6.4.1.Final]
	at org.hibernate.query.sqm.internal.QuerySqmImpl.doList(QuerySqmImpl.java:509) ~[hibernate-core-6.4.1.Final.jar:6.4.1.Final]
	at org.hibernate.query.spi.AbstractSelectionQuery.list(AbstractSelectionQuery.java:427) ~[hibernate-core-6.4.1.Final.jar:6.4.1.Final]
	at org.hibernate.query.spi.AbstractSelectionQuery.getSingleResult(AbstractSelectionQuery.java:564) ~[hibernate-core-6.4.1.Final.jar:6.4.1.Final]
	at java.base/jdk.internal.reflect.DirectMethodHandleAccessor.invoke(DirectMethodHandleAccessor.java:104) ~[na:na]
	at java.base/java.lang.reflect.Method.invoke(Method.java:565) ~[na:na]
	at org.springframework.orm.jpa.SharedEntityManagerCreator$DeferredQueryInvocationHandler.invoke(SharedEntityManagerCreator.java:415) ~[spring-orm-6.1.3.jar:6.1.3]
	at jdk.proxy2/jdk.proxy2.$Proxy184.getSingleResult(Unknown Source) ~[na:na]
	at org.springframework.data.jpa.repository.query.JpaQueryExecution$SingleEntityExecution.doExecute(JpaQueryExecution.java:223) ~[spring-data-jpa-3.2.2.jar:3.2.2]
	at org.springframework.data.jpa.repository.query.JpaQueryExecution.execute(JpaQueryExecution.java:92) ~[spring-data-jpa-3.2.2.jar:3.2.2]
	at org.springframework.data.jpa.repository.query.AbstractJpaQuery.doExecute(AbstractJpaQuery.java:149) ~[spring-data-jpa-3.2.2.jar:3.2.2]
	at org.springframework.data.jpa.repository.query.AbstractJpaQuery.execute(AbstractJpaQuery.java:137) ~[spring-data-jpa-3.2.2.jar:3.2.2]
	at org.springframework.data.repository.core.support.RepositoryMethodInvoker.doInvoke(RepositoryMethodInvoker.java:170) ~[spring-data-commons-3.2.2.jar:3.2.2]
	at org.springframework.data.repository.core.support.RepositoryMethodInvoker.invoke(RepositoryMethodInvoker.java:158) ~[spring-data-commons-3.2.2.jar:3.2.2]
	at org.springframework.data.repository.core.support.QueryExecutorMethodInterceptor.doInvoke(QueryExecutorMethodInterceptor.java:164) ~[spring-data-commons-3.2.2.jar:3.2.2]
	at org.springframework.data.repository.core.support.QueryExecutorMethodInterceptor.invoke(QueryExecutorMethodInterceptor.java:143) ~[spring-data-commons-3.2.2.jar:3.2.2]
	at org.springframework.aop.framework.ReflectiveMethodInvocation.proceed(ReflectiveMethodInvocation.java:184) ~[spring-aop-6.1.3.jar:6.1.3]
	at org.springframework.data.projection.DefaultMethodInvokingMethodInterceptor.invoke(DefaultMethodInvokingMethodInterceptor.java:70) ~[spring-data-commons-3.2.2.jar:3.2.2]
	at org.springframework.aop.framework.ReflectiveMethodInvocation.proceed(ReflectiveMethodInvocation.java:184) ~[spring-aop-6.1.3.jar:6.1.3]
	at org.springframework.transaction.interceptor.TransactionInterceptor$1.proceedWithInvocation(TransactionInterceptor.java:123) ~[spring-tx-6.1.3.jar:6.1.3]
	at org.springframework.transaction.interceptor.TransactionAspectSupport.invokeWithinTransaction(TransactionAspectSupport.java:385) ~[spring-tx-6.1.3.jar:6.1.3]
	at org.springframework.transaction.interceptor.TransactionInterceptor.invoke(TransactionInterceptor.java:119) ~[spring-tx-6.1.3.jar:6.1.3]
	at org.springframework.aop.framework.ReflectiveMethodInvocation.proceed(ReflectiveMethodInvocation.java:184) ~[spring-aop-6.1.3.jar:6.1.3]
	at org.springframework.dao.support.PersistenceExceptionTranslationInterceptor.invoke(PersistenceExceptionTranslationInterceptor.java:137) ~[spring-tx-6.1.3.jar:6.1.3]
	... 29 common frames omitted
Caused by: java.sql.SQLSyntaxErrorException: Unknown column 'u1_0.email' in 'field list'
	at com.mysql.cj.jdbc.exceptions.SQLError.createSQLException(SQLError.java:121) ~[mysql-connector-j-8.3.0.jar:8.3.0]
	at com.mysql.cj.jdbc.exceptions.SQLExceptionsMapping.translateException(SQLExceptionsMapping.java:122) ~[mysql-connector-j-8.3.0.jar:8.3.0]
	at com.mysql.cj.jdbc.ClientPreparedStatement.executeInternal(ClientPreparedStatement.java:912) ~[mysql-connector-j-8.3.0.jar:8.3.0]
	at com.mysql.cj.jdbc.ClientPreparedStatement.executeQuery(ClientPreparedStatement.java:968) ~[mysql-connector-j-8.3.0.jar:8.3.0]
	at com.zaxxer.hikari.pool.ProxyPreparedStatement.executeQuery(ProxyPreparedStatement.java:52) ~[HikariCP-5.0.1.jar:na]
	at com.zaxxer.hikari.pool.HikariProxyPreparedStatement.executeQuery(HikariProxyPreparedStatement.java) ~[HikariCP-5.0.1.jar:na]
	at org.hibernate.sql.results.jdbc.internal.DeferredResultSetAccess.executeQuery(DeferredResultSetAccess.java:246) ~[hibernate-core-6.4.1.Final.jar:6.4.1.Final]
	... 66 common frames omitted

2026-02-03T23:46:40.896+05:30  INFO 21868 --- [cms] [           main] j.LocalContainerEntityManagerFactoryBean : Closing JPA EntityManagerFactory for persistence unit 'default'
2026-02-03T23:46:40.899+05:30  INFO 21868 --- [cms] [           main] com.zaxxer.hikari.HikariDataSource       : HikariPool-1 - Shutdown initiated...
2026-02-03T23:46:40.920+05:30  INFO 21868 --- [cms] [           main] com.zaxxer.hikari.HikariDataSource       : HikariPool-1 - Shutdown completed.
[INFO] ------------------------------------------------------------------------
[INFO] BUILD FAILURE
[INFO] ------------------------------------------------------------------------
[INFO] Total time:  20.798 s
[INFO] Finished at: 2026-02-03T23:46:41+05:30
[INFO] ------------------------------------------------------------------------
[ERROR] Failed to execute goal org.springframework.boot:spring-boot-maven-plugin:3.2.2:run (default-cli) on project cms: Process terminated with exit code: 1 -> [Help 1]
[ERROR] 
[ERROR] To see the full stack trace of the errors, re-run Maven with the -e switch.
[ERROR] Re-run Maven using the -X switch to enable full debug logging.
[ERROR] 
[ERROR] For more information about the errors and possible solutions, please read the following articles:
[ERROR] [Help 1] http://cwiki.apache.org/confluence/display/MAVEN/MojoExecutionException
